
00:05: ********** DEBUG LOG OPENED 13-08-2016 (Release Build) *****************
00:05: Wintermute Engine ver 1.9.1, Compiled on Jan  1 2010, 09:46:49
00:05: Platform: Windows XP or higher  (Build 9200)
00:05: DirectX version: 9.0
00:05: 
00:05: Scanning packages...
00:05:   Registered 0 files in 0 package(s)
00:05: Initializing scripting engine...
00:05:   Script compiler bound successfuly
00:05: Loading plugins...
00:05:   wme_sample_pixel.dll
00:05:   wme_snow.dll
00:05: Scanning packages...
00:05:   Registered 0 files in 0 package(s)
00:05: Enumerating Direct3D devices...
00:05: Enumerating DirectSound devices...
00:05: Game aspect ratio:    -1.#IND00
00:05: Monitor aspect ratio: 1.777778
00:05: Game aspect ratio is the same as monitor aspect ratio.
00:05: Backup resolution:  0 x 0
00:05: 
00:05: Available video devices:
00:05:   Intel(R) HD Graphics 4000 (accelerated)
00:05:     Driver: igdumdim32.dll 10.18.10.4276
00:05:     Monitor: 0
00:05: Available audio devices:
00:05:   Primary Sound Driver
00:05:   SE24FL (Intel(R) Display Audio)
00:05:   Digital Audio (S/PDIF) (Cirrus Logic CS4206B (AB 88))
00:05:   Speakers (Cirrus Logic CS4206B (AB 88))
00:05:   [no sound]
00:05: Auto selecting devices for windowed mode:
00:05:   Video: Intel(R) HD Graphics 4000 (accelerated)
00:05:          Windowed:yes  Colors:16bit  T&L:no  Multisample:0
00:05:   Audio: Primary Sound Driver
00:05: Maximum texture size: 8192x8192
00:05: ----- Open file: 'C:\Users\Jennifer\Desktop\dreamcat\dreamcat.wpr' -----
00:05: Scanning packages...
00:05:   Registered 0 files in 0 package(s)
05:27: 
05:27: Shutting down...
05:27: Shutting down scripting engine
05:27: ********** DEBUG LOG CLOSED ********************************************

05:36: ********** DEBUG LOG OPENED 14-08-2016 (Release Build) *****************
05:36: Wintermute Engine ver 1.9.1, Compiled on Jan  1 2010, 09:46:49
05:36: Platform: Windows XP or higher  (Build 9200)
05:36: DirectX version: 9.0
05:36: 
05:36: Scanning packages...
05:36:   Registered 0 files in 0 package(s)
05:36: Initializing scripting engine...
05:36:   Script compiler bound successfuly
05:36: Loading plugins...
05:36:   wme_sample_pixel.dll
05:36:   wme_snow.dll
05:36: Scanning packages...
05:36:   Registered 0 files in 0 package(s)
05:36: Enumerating Direct3D devices...
05:36: Enumerating DirectSound devices...
05:36: Game aspect ratio:    -1.#IND00
05:36: Monitor aspect ratio: 1.777778
05:36: Game aspect ratio is the same as monitor aspect ratio.
05:36: Backup resolution:  0 x 0
05:36: 
05:36: Available video devices:
05:36:   Intel(R) HD Graphics 4000 (accelerated)
05:36:     Driver: igdumdim32.dll 10.18.10.4276
05:36:     Monitor: 0
05:36: Available audio devices:
05:36:   Primary Sound Driver
05:36:   SE24FL (Intel(R) Display Audio)
05:36:   Digital Audio (S/PDIF) (Cirrus Logic CS4206B (AB 88))
05:36:   Speakers (Cirrus Logic CS4206B (AB 88))
05:36:   [no sound]
05:36: Auto selecting devices for windowed mode:
05:36:   Video: Intel(R) HD Graphics 4000 (accelerated)
05:36:          Windowed:yes  Colors:16bit  T&L:no  Multisample:0
05:36:   Audio: Primary Sound Driver
05:36: Maximum texture size: 8192x8192
05:36: ----- Open file: 'C:\Users\Jennifer\Desktop\dreamcat\dreamcat.wpr' -----
05:36: Scanning packages...
05:36:   Registered 0 files in 0 package(s)
02:55: Failed to reset 3D device.
       returned: D3DERR_DEVICELOST
02:55: Error creating vertex buffer for sprite operations.
       returned: D3DERR_INVALIDCALL
